TN:
SF:src/staking.sol
DA:52,8
FN:52,Staking.constructor
FNDA:8,Staking.constructor
DA:53,8
DA:54,8
DA:55,8
DA:56,8
DA:57,8
DA:60,9
FN:60,Staking.addTokenRewards
FNDA:9,Staking.addTokenRewards
DA:61,9
BRDA:61,0,0,1
BRDA:61,0,1,8
DA:62,8
DA:63,8
DA:66,262
FN:66,Staking.stakeEth
FNDA:262,Staking.stakeEth
DA:67,262
BRDA:67,1,0,2
BRDA:67,1,1,260
DA:68,260
DA:69,260
BRDA:69,2,0,2
BRDA:69,2,1,258
DA:70,258
DA:71,258
DA:72,258
DA:73,258
DA:75,258
DA:78,518
FN:78,Staking.stakeErc20
FNDA:518,Staking.stakeErc20
DA:79,518
BRDA:79,3,0,2
BRDA:79,3,1,516
DA:80,516
DA:81,516
DA:82,516
BRDA:82,4,0,2
BRDA:82,4,1,514
DA:83,514
DA:84,514
DA:85,514
DA:86,514
DA:88,514
DA:91,517
FN:91,Staking.unstake
FNDA:517,Staking.unstake
DA:92,517
BRDA:92,5,0,2
BRDA:92,5,1,515
DA:93,515
DA:94,515
DA:95,1
BRDA:95,6,0,1
BRDA:95,6,1,257
DA:96,1
DA:97,1
DA:98,1
BRDA:98,7,0,-
BRDA:98,7,1,1
DA:99,1
BRDA:99,8,0,-
BRDA:99,8,1,1
DA:100,1
DA:101,1
DA:102,1
DA:103,1
DA:104,1
BRDA:104,9,0,-
BRDA:104,9,1,1
DA:106,1
DA:108,514
DA:109,514
DA:110,514
BRDA:110,10,0,-
BRDA:110,10,1,514
DA:111,514
BRDA:111,11,0,257
BRDA:111,11,1,257
DA:112,257
DA:113,257
DA:114,257
DA:115,257
BRDA:115,12,0,-
BRDA:115,12,1,257
DA:117,257
DA:121,258
FN:121,Staking._caluculateRewardClaimable
FNDA:258,Staking._caluculateRewardClaimable
DA:122,258
DA:123,258
DA:124,1
BRDA:124,13,0,1
BRDA:124,13,1,257
DA:125,1
DA:126,1
DA:127,1
DA:128,1
DA:130,257
DA:131,257
DA:132,257
DA:133,257
FNF:6
FNH:6
LF:65
LH:65
BRF:28
BRH:23
end_of_record
TN:
SF:test/Staking.t.sol
DA:9,0
FN:9,MockERC20.decimals
FNDA:0,MockERC20.decimals
DA:10,0
FNF:1
FNH:0
LF:2
LH:0
BRF:0
BRH:0
end_of_record
