TN:
SF:src/Staking.sol
DA:53,0
FN:53,Staking.constructor
FNDA:0,Staking.constructor
DA:54,0
DA:55,0
DA:56,0
DA:57,0
DA:58,0
DA:61,0
FN:61,Staking.addTokenRewards
FNDA:0,Staking.addTokenRewards
DA:62,0
BRDA:62,0,0,-
BRDA:62,0,1,-
DA:63,0
DA:64,0
DA:67,0
FN:67,Staking.stakeEth
FNDA:0,Staking.stakeEth
DA:68,0
BRDA:68,1,0,-
BRDA:68,1,1,-
DA:69,0
DA:70,0
BRDA:70,2,0,-
BRDA:70,2,1,-
DA:71,0
DA:72,0
DA:73,0
DA:74,0
DA:76,0
DA:79,0
FN:79,Staking.stakeErc20
FNDA:0,Staking.stakeErc20
DA:80,0
BRDA:80,3,0,-
BRDA:80,3,1,-
DA:81,0
DA:82,0
DA:83,0
BRDA:83,4,0,-
BRDA:83,4,1,-
DA:84,0
DA:85,0
DA:86,0
DA:87,0
DA:89,0
DA:92,0
FN:92,Staking.unstake
FNDA:0,Staking.unstake
DA:93,0
BRDA:93,5,0,-
BRDA:93,5,1,-
DA:94,0
DA:95,0
DA:96,0
BRDA:96,6,0,-
BRDA:96,6,1,-
DA:97,0
DA:98,0
DA:99,0
BRDA:99,7,0,-
BRDA:99,7,1,-
DA:100,0
BRDA:100,8,0,-
BRDA:100,8,1,-
DA:101,0
DA:102,0
DA:103,0
DA:104,0
DA:105,0
BRDA:105,9,0,-
BRDA:105,9,1,-
DA:107,0
DA:109,0
DA:110,0
DA:111,0
BRDA:111,10,0,-
BRDA:111,10,1,-
DA:112,0
BRDA:112,11,0,-
BRDA:112,11,1,-
DA:113,0
DA:114,0
DA:115,0
DA:116,0
BRDA:116,12,0,-
BRDA:116,12,1,-
DA:118,0
DA:122,0
FN:122,Staking._caluculateRewardClaimable
FNDA:0,Staking._caluculateRewardClaimable
DA:123,0
DA:124,0
DA:125,0
BRDA:125,13,0,-
BRDA:125,13,1,-
DA:126,0
DA:127,0
DA:128,0
DA:129,0
DA:131,0
DA:132,0
DA:133,0
DA:134,0
FNF:6
FNH:0
LF:65
LH:0
BRF:28
BRH:0
end_of_record
TN:
SF:src/VulnerableVault.sol
DA:11,0
FN:11,VulnerableVault.deposit
FNDA:0,VulnerableVault.deposit
DA:12,0
BRDA:12,0,0,-
BRDA:12,0,1,-
DA:13,0
DA:14,0
DA:17,0
FN:17,VulnerableVault.withdraw
FNDA:0,VulnerableVault.withdraw
DA:18,0
BRDA:18,1,0,-
BRDA:18,1,1,-
DA:19,0
DA:20,0
DA:21,0
DA:22,0
BRDA:22,2,0,-
BRDA:22,2,1,-
DA:26,0
FN:26,VulnerableVault.splitDeposit
FNDA:0,VulnerableVault.splitDeposit
DA:27,0
BRDA:27,3,0,-
BRDA:27,3,1,-
DA:28,0
DA:29,0
DA:32,0
DA:33,0
DA:34,0
FNF:3
FNH:0
LF:17
LH:0
BRF:8
BRH:0
end_of_record
TN:
SF:src/W3bBank.sol
DA:11,0
FN:11,W3bBank.onlyOwner
FNDA:0,W3bBank.onlyOwner
DA:12,0
BRDA:12,0,0,-
BRDA:12,0,1,-
DA:16,0
FN:16,W3bBank.constructor
FNDA:0,W3bBank.constructor
DA:17,0
DA:18,0
DA:21,0
FN:21,W3bBank.deposit
FNDA:0,W3bBank.deposit
DA:22,0
DA:23,0
DA:26,0
DA:29,0
DA:32,0
FN:32,W3bBank.withdraw
FNDA:0,W3bBank.withdraw
DA:33,0
DA:34,0
DA:35,0
DA:36,0
BRDA:36,1,0,-
BRDA:36,1,1,-
DA:39,0
FN:39,W3bBank.setFee
FNDA:0,W3bBank.setFee
DA:40,0
DA:43,0
FN:43,W3bBank.rescueFunds
FNDA:0,W3bBank.rescueFunds
DA:44,0
BRDA:44,2,0,-
BRDA:44,2,1,-
DA:45,0
DA:46,0
BRDA:46,3,0,-
BRDA:46,3,1,-
DA:49,0
FN:49,W3bBank.transferOwnership
FNDA:0,W3bBank.transferOwnership
DA:50,0
DA:53,0
FN:53,W3bBank.viewDeposit
FNDA:0,W3bBank.viewDeposit
DA:54,0
DA:57,0
FN:57,W3bBank._calculateFee
FNDA:0,W3bBank._calculateFee
DA:63,0
FNF:9
FNH:0
LF:27
LH:0
BRF:8
BRH:0
end_of_record
TN:
SF:src/staking.sol
DA:53,4
FN:53,Staking.constructor
FNDA:4,Staking.constructor
DA:54,4
DA:55,4
DA:56,4
DA:57,4
DA:58,4
DA:61,5
FN:61,Staking.addTokenRewards
FNDA:5,Staking.addTokenRewards
DA:62,5
BRDA:62,0,0,1
BRDA:62,0,1,4
DA:63,4
DA:64,4
DA:67,262
FN:67,Staking.stakeEth
FNDA:262,Staking.stakeEth
DA:68,262
BRDA:68,1,0,2
BRDA:68,1,1,260
DA:69,260
DA:70,260
BRDA:70,2,0,2
BRDA:70,2,1,258
DA:71,258
DA:72,258
DA:73,258
DA:74,258
DA:76,258
DA:79,0
FN:79,Staking.stakeErc20
FNDA:0,Staking.stakeErc20
DA:80,0
BRDA:80,3,0,-
BRDA:80,3,1,-
DA:81,0
DA:82,0
DA:83,0
BRDA:83,4,0,-
BRDA:83,4,1,-
DA:84,0
DA:85,0
DA:86,0
DA:87,0
DA:89,0
DA:92,2
FN:92,Staking.unstake
FNDA:2,Staking.unstake
DA:93,2
BRDA:93,5,0,1
BRDA:93,5,1,1
DA:94,1
DA:95,1
DA:96,1
BRDA:96,6,0,1
BRDA:96,6,1,-
DA:97,1
DA:98,1
DA:99,1
BRDA:99,7,0,-
BRDA:99,7,1,1
DA:100,1
BRDA:100,8,0,-
BRDA:100,8,1,1
DA:101,1
DA:102,1
DA:103,1
DA:104,1
DA:105,1
BRDA:105,9,0,-
BRDA:105,9,1,1
DA:107,1
DA:109,0
DA:110,0
DA:111,0
BRDA:111,10,0,-
BRDA:111,10,1,-
DA:112,0
BRDA:112,11,0,-
BRDA:112,11,1,-
DA:113,0
DA:114,0
DA:115,0
DA:116,0
BRDA:116,12,0,-
BRDA:116,12,1,-
DA:118,0
DA:122,1
FN:122,Staking._caluculateRewardClaimable
FNDA:1,Staking._caluculateRewardClaimable
DA:123,1
DA:124,1
DA:125,1
BRDA:125,13,0,1
BRDA:125,13,1,-
DA:126,1
DA:127,1
DA:128,1
DA:129,1
DA:131,0
DA:132,0
DA:133,0
DA:134,0
FNF:6
FNH:5
LF:65
LH:42
BRF:28
BRH:13
end_of_record
TN:
SF:test/Staking.t.sol
DA:9,0
FN:9,MockERC20.decimals
FNDA:0,MockERC20.decimals
DA:10,0
FNF:1
FNH:0
LF:2
LH:0
BRF:0
BRH:0
end_of_record
